<?xml version="1.0" encoding="UTF-8"?>
<!-- Generated by org.testng.reporters.JUnitReportReporter -->
<testsuite hostname="DESKTOP-VLILFCN" failures="0" tests="1" name="tests.VarifyPayment" time="37.292" errors="0" timestamp="2022-10-14T18:52:45 IST" skipped="0">
  <testcase classname="tests.VarifyPayment" name="verifyPayment" time="37.292"/>
  <system-out/>
</testsuite> <!-- tests.VarifyPayment -->
