<?xml version="1.0" encoding="UTF-8"?>
<!-- Generated by org.testng.reporters.JUnitReportReporter -->
<testsuite hostname="DESKTOP-VLILFCN" failures="0" tests="1" name="tests.VerifyPayment" time="431.702" errors="0" timestamp="2022-10-16T20:56:16 IST" skipped="0">
  <testcase classname="tests.VerifyPayment" name="verifyPayment" time="431.702"/>
  <system-out/>
</testsuite> <!-- tests.VerifyPayment -->
